{"/Users/alexli/didactic-barnacle/backend/src/app.ts": {"path":"/Users/alexli/didactic-barnacle/backend/src/app.ts","statementMap":{"0":{"start":{"line":1,"column":0},"end":{"line":1,"column":30}},"1":{"start":{"line":2,"column":0},"end":{"line":2,"column":24}},"2":{"start":{"line":3,"column":0},"end":{"line":3,"column":28}},"3":{"start":{"line":4,"column":0},"end":{"line":4,"column":28}},"4":{"start":{"line":5,"column":0},"end":{"line":5,"column":28}},"5":{"start":{"line":7,"column":0},"end":{"line":7,"column":40}},"6":{"start":{"line":8,"column":0},"end":{"line":8,"column":74}},"7":{"start":{"line":9,"column":0},"end":{"line":9,"column":111}},"8":{"start":{"line":10,"column":0},"end":{"line":10,"column":46}},"9":{"start":{"line":12,"column":0},"end":{"line":12,"column":16}},"10":{"start":{"line":14,"column":12},"end":{"line":14,"column":21}},"11":{"start":{"line":58,"column":9},"end":{"line":58,"column":12}},"12":{"start":{"line":17,"column":0},"end":{"line":17,"column":18}},"13":{"start":{"line":18,"column":0},"end":{"line":18,"column":16}},"14":{"start":{"line":19,"column":0},"end":{"line":19,"column":42}},"15":{"start":{"line":20,"column":0},"end":{"line":20,"column":49}},"16":{"start":{"line":21,"column":0},"end":{"line":21,"column":29}},"17":{"start":{"line":24,"column":0},"end":{"line":24,"column":28}},"18":{"start":{"line":27,"column":0},"end":{"line":27,"column":41}},"19":{"start":{"line":28,"column":0},"end":{"line":28,"column":48}},"20":{"start":{"line":31,"column":0},"end":{"line":31,"column":23}},"21":{"start":{"line":34,"column":0},"end":{"line":36,"column":3}},"22":{"start":{"line":35,"column":2},"end":{"line":35,"column":78}},"23":{"start":{"line":39,"column":0},"end":{"line":39,"column":37}},"24":{"start":{"line":41,"column":0},"end":{"line":41,"column":34}},"25":{"start":{"line":44,"column":0},"end":{"line":44,"column":25}},"26":{"start":{"line":45,"column":0},"end":{"line":45,"column":22}},"27":{"start":{"line":48,"column":22},"end":{"line":56,"column":1}},"28":{"start":{"line":49,"column":2},"end":{"line":55,"column":3}},"29":{"start":{"line":50,"column":4},"end":{"line":50,"column":22}},"30":{"start":{"line":51,"column":4},"end":{"line":51,"column":51}},"31":{"start":{"line":53,"column":4},"end":{"line":53,"column":59}},"32":{"start":{"line":54,"column":4},"end":{"line":54,"column":20}},"33":{"start":{"line":58,"column":14},"end":{"line":58,"column":27}}},"fnMap":{"0":{"name":"(anonymous_1)","decl":{"start":{"line":34,"column":19},"end":{"line":34,"column":20}},"loc":{"start":{"line":34,"column":32},"end":{"line":36,"column":1}}},"1":{"name":"(anonymous_2)","decl":{"start":{"line":48,"column":22},"end":{"line":48,"column":27}},"loc":{"start":{"line":48,"column":33},"end":{"line":56,"column":1}}}},"branchMap":{},"s":{"0":0,"1":0,"2":0,"3":0,"4":0,"5":0,"6":0,"7":0,"8":0,"9":0,"10":0,"11":0,"12":0,"13":0,"14":0,"15":0,"16":0,"17":0,"18":0,"19":0,"20":0,"21":0,"22":0,"23":0,"24":0,"25":0,"26":0,"27":0,"28":0,"29":0,"30":0,"31":0,"32":0,"33":0},"f":{"0":0,"1":0},"b":{}}
,"/Users/alexli/didactic-barnacle/backend/src/index.ts": {"path":"/Users/alexli/didactic-barnacle/backend/src/index.ts","statementMap":{"0":{"start":{"line":1,"column":0},"end":{"line":1,"column":43}},"1":{"start":{"line":3,"column":13},"end":{"line":3,"column":37}},"2":{"start":{"line":5,"column":20},"end":{"line":18,"column":1}},"3":{"start":{"line":6,"column":2},"end":{"line":17,"column":3}},"4":{"start":{"line":7,"column":4},"end":{"line":7,"column":26}},"5":{"start":{"line":9,"column":4},"end":{"line":13,"column":7}},"6":{"start":{"line":10,"column":6},"end":{"line":10,"column":52}},"7":{"start":{"line":11,"column":6},"end":{"line":11,"column":67}},"8":{"start":{"line":12,"column":6},"end":{"line":12,"column":67}},"9":{"start":{"line":15,"column":4},"end":{"line":15,"column":52}},"10":{"start":{"line":16,"column":4},"end":{"line":16,"column":20}},"11":{"start":{"line":20,"column":0},"end":{"line":20,"column":14}}},"fnMap":{"0":{"name":"(anonymous_0)","decl":{"start":{"line":5,"column":20},"end":{"line":5,"column":25}},"loc":{"start":{"line":5,"column":31},"end":{"line":18,"column":1}}},"1":{"name":"(anonymous_1)","decl":{"start":{"line":9,"column":21},"end":{"line":9,"column":24}},"loc":{"start":{"line":9,"column":26},"end":{"line":13,"column":5}}}},"branchMap":{"0":{"loc":{"start":{"line":3,"column":13},"end":{"line":3,"column":37}},"type":"binary-expr","locations":[{"start":{"line":3,"column":13},"end":{"line":3,"column":29}},{"start":{"line":3,"column":33},"end":{"line":3,"column":37}}]}},"s":{"0":0,"1":0,"2":0,"3":0,"4":0,"5":0,"6":0,"7":0,"8":0,"9":0,"10":0,"11":0},"f":{"0":0,"1":0},"b":{"0":[0,0]}}
,"/Users/alexli/didactic-barnacle/backend/src/config/database.ts": {"path":"/Users/alexli/didactic-barnacle/backend/src/config/database.ts","statementMap":{"0":{"start":{"line":1,"column":0},"end":{"line":1,"column":26}},"1":{"start":{"line":2,"column":0},"end":{"line":2,"column":28}},"2":{"start":{"line":4,"column":0},"end":{"line":4,"column":16}},"3":{"start":{"line":6,"column":13},"end":{"line":15,"column":3}},"4":{"start":{"line":17,"column":25},"end":{"line":25,"column":1}},"5":{"start":{"line":18,"column":2},"end":{"line":24,"column":3}},"6":{"start":{"line":19,"column":4},"end":{"line":19,"column":25}},"7":{"start":{"line":20,"column":4},"end":{"line":20,"column":51}},"8":{"start":{"line":22,"column":4},"end":{"line":22,"column":56}},"9":{"start":{"line":23,"column":4},"end":{"line":23,"column":20}},"10":{"start":{"line":17,"column":13},"end":{"line":17,"column":25}},"11":{"start":{"line":27,"column":23},"end":{"line":29,"column":1}},"12":{"start":{"line":28,"column":2},"end":{"line":28,"column":19}},"13":{"start":{"line":27,"column":13},"end":{"line":27,"column":23}}},"fnMap":{"0":{"name":"(anonymous_1)","decl":{"start":{"line":17,"column":25},"end":{"line":17,"column":30}},"loc":{"start":{"line":17,"column":51},"end":{"line":25,"column":1}}},"1":{"name":"(anonymous_2)","decl":{"start":{"line":27,"column":23},"end":{"line":27,"column":28}},"loc":{"start":{"line":27,"column":49},"end":{"line":29,"column":1}}}},"branchMap":{"0":{"loc":{"start":{"line":7,"column":8},"end":{"line":7,"column":42}},"type":"binary-expr","locations":[{"start":{"line":7,"column":8},"end":{"line":7,"column":27}},{"start":{"line":7,"column":31},"end":{"line":7,"column":42}}]},"1":{"loc":{"start":{"line":8,"column":17},"end":{"line":8,"column":46}},"type":"binary-expr","locations":[{"start":{"line":8,"column":17},"end":{"line":8,"column":36}},{"start":{"line":8,"column":40},"end":{"line":8,"column":46}}]},"2":{"loc":{"start":{"line":9,"column":12},"end":{"line":9,"column":52}},"type":"binary-expr","locations":[{"start":{"line":9,"column":12},"end":{"line":9,"column":31}},{"start":{"line":9,"column":35},"end":{"line":9,"column":52}}]},"3":{"loc":{"start":{"line":10,"column":8},"end":{"line":10,"column":41}},"type":"binary-expr","locations":[{"start":{"line":10,"column":8},"end":{"line":10,"column":27}},{"start":{"line":10,"column":31},"end":{"line":10,"column":41}}]},"4":{"loc":{"start":{"line":11,"column":12},"end":{"line":11,"column":49}},"type":"binary-expr","locations":[{"start":{"line":11,"column":12},"end":{"line":11,"column":35}},{"start":{"line":11,"column":39},"end":{"line":11,"column":49}}]}},"s":{"0":1,"1":1,"2":1,"3":1,"4":1,"5":0,"6":0,"7":0,"8":0,"9":0,"10":1,"11":1,"12":0,"13":1},"f":{"0":0,"1":0},"b":{"0":[1,1],"1":[1,1],"2":[1,1],"3":[1,1],"4":[1,1]}}
,"/Users/alexli/didactic-barnacle/backend/src/middleware/errorHandler.ts": {"path":"/Users/alexli/didactic-barnacle/backend/src/middleware/errorHandler.ts","statementMap":{"0":{"start":{"line":7,"column":28},"end":{"line":88,"column":1}},"1":{"start":{"line":13,"column":2},"end":{"line":13,"column":33}},"2":{"start":{"line":16,"column":19},"end":{"line":16,"column":42}},"3":{"start":{"line":17,"column":16},"end":{"line":17,"column":56}},"4":{"start":{"line":18,"column":18},"end":{"line":18,"column":39}},"5":{"start":{"line":21,"column":2},"end":{"line":24,"column":3}},"6":{"start":{"line":22,"column":4},"end":{"line":22,"column":21}},"7":{"start":{"line":23,"column":4},"end":{"line":23,"column":27}},"8":{"start":{"line":27,"column":2},"end":{"line":31,"column":3}},"9":{"start":{"line":28,"column":4},"end":{"line":28,"column":21}},"10":{"start":{"line":29,"column":4},"end":{"line":29,"column":38}},"11":{"start":{"line":30,"column":4},"end":{"line":30,"column":60}},"12":{"start":{"line":34,"column":18},"end":{"line":34,"column":30}},"13":{"start":{"line":35,"column":2},"end":{"line":64,"column":3}},"14":{"start":{"line":36,"column":4},"end":{"line":63,"column":5}},"15":{"start":{"line":38,"column":8},"end":{"line":38,"column":25}},"16":{"start":{"line":39,"column":8},"end":{"line":39,"column":31}},"17":{"start":{"line":40,"column":8},"end":{"line":40,"column":44}},"18":{"start":{"line":41,"column":8},"end":{"line":41,"column":14}},"19":{"start":{"line":43,"column":8},"end":{"line":43,"column":25}},"20":{"start":{"line":44,"column":8},"end":{"line":44,"column":34}},"21":{"start":{"line":45,"column":8},"end":{"line":45,"column":58}},"22":{"start":{"line":46,"column":8},"end":{"line":46,"column":14}},"23":{"start":{"line":48,"column":8},"end":{"line":48,"column":25}},"24":{"start":{"line":49,"column":8},"end":{"line":49,"column":34}},"25":{"start":{"line":50,"column":8},"end":{"line":50,"column":46}},"26":{"start":{"line":51,"column":8},"end":{"line":51,"column":14}},"27":{"start":{"line":53,"column":8},"end":{"line":53,"column":25}},"28":{"start":{"line":54,"column":8},"end":{"line":54,"column":34}},"29":{"start":{"line":55,"column":8},"end":{"line":55,"column":40}},"30":{"start":{"line":56,"column":8},"end":{"line":56,"column":14}},"31":{"start":{"line":59,"column":8},"end":{"line":59,"column":25}},"32":{"start":{"line":60,"column":8},"end":{"line":60,"column":42}},"33":{"start":{"line":61,"column":8},"end":{"line":61,"column":47}},"34":{"start":{"line":62,"column":8},"end":{"line":62,"column":14}},"35":{"start":{"line":67,"column":2},"end":{"line":71,"column":3}},"36":{"start":{"line":68,"column":4},"end":{"line":68,"column":21}},"37":{"start":{"line":69,"column":4},"end":{"line":69,"column":30}},"38":{"start":{"line":70,"column":4},"end":{"line":70,"column":36}},"39":{"start":{"line":74,"column":2},"end":{"line":78,"column":3}},"40":{"start":{"line":75,"column":4},"end":{"line":77,"column":5}},"41":{"start":{"line":76,"column":6},"end":{"line":76,"column":40}},"42":{"start":{"line":80,"column":2},"end":{"line":87,"column":5}},"43":{"start":{"line":7,"column":13},"end":{"line":7,"column":28}},"44":{"start":{"line":90,"column":31},"end":{"line":95,"column":1}},"45":{"start":{"line":91,"column":2},"end":{"line":94,"column":5}},"46":{"start":{"line":90,"column":13},"end":{"line":90,"column":31}}},"fnMap":{"0":{"name":"(anonymous_0)","decl":{"start":{"line":7,"column":28},"end":{"line":7,"column":null}},"loc":{"start":{"line":12,"column":4},"end":{"line":88,"column":1}}},"1":{"name":"(anonymous_1)","decl":{"start":{"line":90,"column":31},"end":{"line":90,"column":32}},"loc":{"start":{"line":90,"column":63},"end":{"line":95,"column":1}}}},"branchMap":{"0":{"loc":{"start":{"line":16,"column":19},"end":{"line":16,"column":42}},"type":"binary-expr","locations":[{"start":{"line":16,"column":19},"end":{"line":16,"column":35}},{"start":{"line":16,"column":39},"end":{"line":16,"column":42}}]},"1":{"loc":{"start":{"line":17,"column":16},"end":{"line":17,"column":56}},"type":"binary-expr","locations":[{"start":{"line":17,"column":16},"end":{"line":17,"column":29}},{"start":{"line":17,"column":33},"end":{"line":17,"column":56}}]},"2":{"loc":{"start":{"line":18,"column":18},"end":{"line":18,"column":39}},"type":"binary-expr","locations":[{"start":{"line":18,"column":18},"end":{"line":18,"column":28}},{"start":{"line":18,"column":32},"end":{"line":18,"column":39}}]},"3":{"loc":{"start":{"line":21,"column":2},"end":{"line":24,"column":3}},"type":"if","locations":[{"start":{"line":21,"column":2},"end":{"line":24,"column":3}}]},"4":{"loc":{"start":{"line":27,"column":2},"end":{"line":31,"column":3}},"type":"if","locations":[{"start":{"line":27,"column":2},"end":{"line":31,"column":3}}]},"5":{"loc":{"start":{"line":27,"column":6},"end":{"line":27,"column":57}},"type":"binary-expr","locations":[{"start":{"line":27,"column":6},"end":{"line":27,"column":19}},{"start":{"line":27,"column":23},"end":{"line":27,"column":57}}]},"6":{"loc":{"start":{"line":35,"column":2},"end":{"line":64,"column":3}},"type":"if","locations":[{"start":{"line":35,"column":2},"end":{"line":64,"column":3}}]},"7":{"loc":{"start":{"line":36,"column":4},"end":{"line":63,"column":5}},"type":"switch","locations":[{"start":{"line":37,"column":6},"end":{"line":41,"column":14}},{"start":{"line":42,"column":6},"end":{"line":46,"column":14}},{"start":{"line":47,"column":6},"end":{"line":51,"column":14}},{"start":{"line":52,"column":6},"end":{"line":56,"column":14}},{"start":{"line":57,"column":6},"end":{"line":57,"column":19}},{"start":{"line":58,"column":6},"end":{"line":62,"column":14}}]},"8":{"loc":{"start":{"line":67,"column":2},"end":{"line":71,"column":3}},"type":"if","locations":[{"start":{"line":67,"column":2},"end":{"line":71,"column":3}}]},"9":{"loc":{"start":{"line":67,"column":6},"end":{"line":67,"column":53}},"type":"binary-expr","locations":[{"start":{"line":67,"column":6},"end":{"line":67,"column":34}},{"start":{"line":67,"column":38},"end":{"line":67,"column":53}}]},"10":{"loc":{"start":{"line":74,"column":2},"end":{"line":78,"column":3}},"type":"if","locations":[{"start":{"line":74,"column":2},"end":{"line":78,"column":3}}]},"11":{"loc":{"start":{"line":75,"column":4},"end":{"line":77,"column":5}},"type":"if","locations":[{"start":{"line":75,"column":4},"end":{"line":77,"column":5}}]},"12":{"loc":{"start":{"line":83,"column":8},"end":{"line":86,"column":6}},"type":"binary-expr","locations":[{"start":{"line":83,"column":8},"end":{"line":83,"column":46}},{"start":{"line":83,"column":50},"end":{"line":86,"column":6}}]}},"s":{"0":0,"1":0,"2":0,"3":0,"4":0,"5":0,"6":0,"7":0,"8":0,"9":0,"10":0,"11":0,"12":0,"13":0,"14":0,"15":0,"16":0,"17":0,"18":0,"19":0,"20":0,"21":0,"22":0,"23":0,"24":0,"25":0,"26":0,"27":0,"28":0,"29":0,"30":0,"31":0,"32":0,"33":0,"34":0,"35":0,"36":0,"37":0,"38":0,"39":0,"40":0,"41":0,"42":0,"43":0,"44":0,"45":0,"46":0},"f":{"0":0,"1":0},"b":{"0":[0,0],"1":[0,0],"2":[0,0],"3":[0],"4":[0],"5":[0,0],"6":[0],"7":[0,0,0,0,0,0],"8":[0],"9":[0,0],"10":[0],"11":[0],"12":[0,0]}}
,"/Users/alexli/didactic-barnacle/backend/src/middleware/security.ts": {"path":"/Users/alexli/didactic-barnacle/backend/src/middleware/security.ts","statementMap":{"0":{"start":{"line":6,"column":29},"end":{"line":52,"column":1}},"1":{"start":{"line":8,"column":25},"end":{"line":18,"column":3}},"2":{"start":{"line":9,"column":4},"end":{"line":9,"column":44}},"3":{"start":{"line":9,"column":33},"end":{"line":9,"column":44}},"4":{"start":{"line":12,"column":4},"end":{"line":17,"column":14}},"5":{"start":{"line":21,"column":25},"end":{"line":39,"column":3}},"6":{"start":{"line":22,"column":4},"end":{"line":22,"column":52}},"7":{"start":{"line":22,"column":41},"end":{"line":22,"column":52}},"8":{"start":{"line":24,"column":4},"end":{"line":26,"column":5}},"9":{"start":{"line":25,"column":6},"end":{"line":25,"column":37}},"10":{"start":{"line":28,"column":27},"end":{"line":28,"column":29}},"11":{"start":{"line":29,"column":4},"end":{"line":37,"column":5}},"12":{"start":{"line":30,"column":6},"end":{"line":36,"column":7}},"13":{"start":{"line":31,"column":8},"end":{"line":31,"column":47}},"14":{"start":{"line":32,"column":13},"end":{"line":36,"column":7}},"15":{"start":{"line":33,"column":8},"end":{"line":33,"column":47}},"16":{"start":{"line":35,"column":8},"end":{"line":35,"column":31}},"17":{"start":{"line":38,"column":4},"end":{"line":38,"column":21}},"18":{"start":{"line":42,"column":2},"end":{"line":44,"column":3}},"19":{"start":{"line":43,"column":4},"end":{"line":43,"column":40}},"20":{"start":{"line":47,"column":2},"end":{"line":49,"column":3}},"21":{"start":{"line":48,"column":4},"end":{"line":48,"column":42}},"22":{"start":{"line":51,"column":2},"end":{"line":51,"column":9}},"23":{"start":{"line":6,"column":13},"end":{"line":6,"column":29}},"24":{"start":{"line":57,"column":22},"end":{"line":57,"column":77}},"25":{"start":{"line":59,"column":27},"end":{"line":108,"column":1}},"26":{"start":{"line":63,"column":2},"end":{"line":107,"column":4}},"27":{"start":{"line":64,"column":21},"end":{"line":64,"column":72}},"28":{"start":{"line":65,"column":16},"end":{"line":65,"column":26}},"29":{"start":{"line":68,"column":4},"end":{"line":72,"column":5}},"30":{"start":{"line":69,"column":6},"end":{"line":71,"column":7}},"31":{"start":{"line":70,"column":8},"end":{"line":70,"column":33}},"32":{"start":{"line":75,"column":21},"end":{"line":75,"column":48}},"33":{"start":{"line":76,"column":4},"end":{"line":82,"column":5}},"34":{"start":{"line":77,"column":6},"end":{"line":80,"column":8}},"35":{"start":{"line":81,"column":6},"end":{"line":81,"column":46}},"36":{"start":{"line":85,"column":4},"end":{"line":85,"column":23}},"37":{"start":{"line":88,"column":4},"end":{"line":97,"column":5}},"38":{"start":{"line":89,"column":31},"end":{"line":89,"column":77}},"39":{"start":{"line":91,"column":6},"end":{"line":95,"column":9}},"40":{"start":{"line":96,"column":6},"end":{"line":96,"column":13}},"41":{"start":{"line":100,"column":4},"end":{"line":104,"column":7}},"42":{"start":{"line":106,"column":4},"end":{"line":106,"column":11}},"43":{"start":{"line":59,"column":13},"end":{"line":59,"column":27}},"44":{"start":{"line":113,"column":37},"end":{"line":127,"column":1}},"45":{"start":{"line":114,"column":2},"end":{"line":126,"column":4}},"46":{"start":{"line":115,"column":26},"end":{"line":115,"column":68}},"47":{"start":{"line":117,"column":4},"end":{"line":123,"column":5}},"48":{"start":{"line":118,"column":6},"end":{"line":121,"column":9}},"49":{"start":{"line":122,"column":6},"end":{"line":122,"column":13}},"50":{"start":{"line":125,"column":4},"end":{"line":125,"column":11}},"51":{"start":{"line":113,"column":13},"end":{"line":113,"column":37}},"52":{"start":{"line":132,"column":35},"end":{"line":151,"column":1}},"53":{"start":{"line":134,"column":2},"end":{"line":136,"column":3}},"54":{"start":{"line":135,"column":4},"end":{"line":135,"column":18}},"55":{"start":{"line":138,"column":22},"end":{"line":138,"column":45}},"56":{"start":{"line":141,"column":2},"end":{"line":148,"column":3}},"57":{"start":{"line":143,"column":4},"end":{"line":146,"column":7}},"58":{"start":{"line":147,"column":4},"end":{"line":147,"column":11}},"59":{"start":{"line":150,"column":2},"end":{"line":150,"column":9}},"60":{"start":{"line":132,"column":13},"end":{"line":132,"column":35}}},"fnMap":{"0":{"name":"(anonymous_0)","decl":{"start":{"line":6,"column":29},"end":{"line":6,"column":30}},"loc":{"start":{"line":6,"column":81},"end":{"line":52,"column":1}}},"1":{"name":"(anonymous_1)","decl":{"start":{"line":8,"column":25},"end":{"line":8,"column":26}},"loc":{"start":{"line":8,"column":49},"end":{"line":18,"column":3}}},"2":{"name":"(anonymous_2)","decl":{"start":{"line":21,"column":25},"end":{"line":21,"column":26}},"loc":{"start":{"line":21,"column":43},"end":{"line":39,"column":3}}},"3":{"name":"(anonymous_3)","decl":{"start":{"line":59,"column":27},"end":{"line":59,"column":null}},"loc":{"start":{"line":62,"column":4},"end":{"line":108,"column":1}}},"4":{"name":"(anonymous_4)","decl":{"start":{"line":63,"column":9},"end":{"line":63,"column":10}},"loc":{"start":{"line":63,"column":61},"end":{"line":107,"column":3}}},"5":{"name":"(anonymous_5)","decl":{"start":{"line":113,"column":37},"end":{"line":113,"column":38}},"loc":{"start":{"line":113,"column":76},"end":{"line":127,"column":1}}},"6":{"name":"(anonymous_6)","decl":{"start":{"line":114,"column":9},"end":{"line":114,"column":10}},"loc":{"start":{"line":114,"column":61},"end":{"line":126,"column":3}}},"7":{"name":"(anonymous_7)","decl":{"start":{"line":132,"column":35},"end":{"line":132,"column":36}},"loc":{"start":{"line":132,"column":87},"end":{"line":151,"column":1}}}},"branchMap":{"0":{"loc":{"start":{"line":9,"column":4},"end":{"line":9,"column":44}},"type":"if","locations":[{"start":{"line":9,"column":4},"end":{"line":9,"column":44}}]},"1":{"loc":{"start":{"line":22,"column":4},"end":{"line":22,"column":52}},"type":"if","locations":[{"start":{"line":22,"column":4},"end":{"line":22,"column":52}}]},"2":{"loc":{"start":{"line":22,"column":8},"end":{"line":22,"column":39}},"type":"binary-expr","locations":[{"start":{"line":22,"column":8},"end":{"line":22,"column":12}},{"start":{"line":22,"column":16},"end":{"line":22,"column":39}}]},"3":{"loc":{"start":{"line":24,"column":4},"end":{"line":26,"column":5}},"type":"if","locations":[{"start":{"line":24,"column":4},"end":{"line":26,"column":5}}]},"4":{"loc":{"start":{"line":30,"column":6},"end":{"line":36,"column":7}},"type":"if","locations":[{"start":{"line":30,"column":6},"end":{"line":36,"column":7}},{"start":{"line":32,"column":13},"end":{"line":36,"column":7}}]},"5":{"loc":{"start":{"line":32,"column":13},"end":{"line":36,"column":7}},"type":"if","locations":[{"start":{"line":32,"column":13},"end":{"line":36,"column":7}},{"start":{"line":34,"column":13},"end":{"line":36,"column":7}}]},"6":{"loc":{"start":{"line":42,"column":2},"end":{"line":44,"column":3}},"type":"if","locations":[{"start":{"line":42,"column":2},"end":{"line":44,"column":3}}]},"7":{"loc":{"start":{"line":47,"column":2},"end":{"line":49,"column":3}},"type":"if","locations":[{"start":{"line":47,"column":2},"end":{"line":49,"column":3}}]},"8":{"loc":{"start":{"line":60,"column":2},"end":{"line":60,"column":35}},"type":"default-arg","locations":[{"start":{"line":60,"column":21},"end":{"line":60,"column":35}}]},"9":{"loc":{"start":{"line":61,"column":2},"end":{"line":61,"column":27}},"type":"default-arg","locations":[{"start":{"line":61,"column":24},"end":{"line":61,"column":27}}]},"10":{"loc":{"start":{"line":64,"column":21},"end":{"line":64,"column":72}},"type":"binary-expr","locations":[{"start":{"line":64,"column":21},"end":{"line":64,"column":27}},{"start":{"line":64,"column":31},"end":{"line":64,"column":59}},{"start":{"line":64,"column":63},"end":{"line":64,"column":72}}]},"11":{"loc":{"start":{"line":69,"column":6},"end":{"line":71,"column":7}},"type":"if","locations":[{"start":{"line":69,"column":6},"end":{"line":71,"column":7}}]},"12":{"loc":{"start":{"line":76,"column":4},"end":{"line":82,"column":5}},"type":"if","locations":[{"start":{"line":76,"column":4},"end":{"line":82,"column":5}}]},"13":{"loc":{"start":{"line":76,"column":8},"end":{"line":76,"column":49}},"type":"binary-expr","locations":[{"start":{"line":76,"column":8},"end":{"line":76,"column":19}},{"start":{"line":76,"column":23},"end":{"line":76,"column":49}}]},"14":{"loc":{"start":{"line":88,"column":4},"end":{"line":97,"column":5}},"type":"if","locations":[{"start":{"line":88,"column":4},"end":{"line":97,"column":5}}]},"15":{"loc":{"start":{"line":113,"column":38},"end":{"line":113,"column":72}},"type":"default-arg","locations":[{"start":{"line":113,"column":56},"end":{"line":113,"column":72}}]},"16":{"loc":{"start":{"line":115,"column":35},"end":{"line":115,"column":67}},"type":"binary-expr","locations":[{"start":{"line":115,"column":35},"end":{"line":115,"column":60}},{"start":{"line":115,"column":64},"end":{"line":115,"column":67}}]},"17":{"loc":{"start":{"line":117,"column":4},"end":{"line":123,"column":5}},"type":"if","locations":[{"start":{"line":117,"column":4},"end":{"line":123,"column":5}}]},"18":{"loc":{"start":{"line":134,"column":2},"end":{"line":136,"column":3}},"type":"if","locations":[{"start":{"line":134,"column":2},"end":{"line":136,"column":3}}]},"19":{"loc":{"start":{"line":141,"column":2},"end":{"line":148,"column":3}},"type":"if","locations":[{"start":{"line":141,"column":2},"end":{"line":148,"column":3}}]},"20":{"loc":{"start":{"line":141,"column":6},"end":{"line":142,"column":82}},"type":"binary-expr","locations":[{"start":{"line":141,"column":6},"end":{"line":141,"column":18}},{"start":{"line":141,"column":23},"end":{"line":141,"column":64}},{"start":{"line":142,"column":23},"end":{"line":142,"column":81}}]}},"s":{"0":0,"1":0,"2":0,"3":0,"4":0,"5":0,"6":0,"7":0,"8":0,"9":0,"10":0,"11":0,"12":0,"13":0,"14":0,"15":0,"16":0,"17":0,"18":0,"19":0,"20":0,"21":0,"22":0,"23":0,"24":0,"25":0,"26":0,"27":0,"28":0,"29":0,"30":0,"31":0,"32":0,"33":0,"34":0,"35":0,"36":0,"37":0,"38":0,"39":0,"40":0,"41":0,"42":0,"43":0,"44":0,"45":0,"46":0,"47":0,"48":0,"49":0,"50":0,"51":0,"52":0,"53":0,"54":0,"55":0,"56":0,"57":0,"58":0,"59":0,"60":0},"f":{"0":0,"1":0,"2":0,"3":0,"4":0,"5":0,"6":0,"7":0},"b":{"0":[0],"1":[0],"2":[0,0],"3":[0],"4":[0,0],"5":[0,0],"6":[0],"7":[0],"8":[0],"9":[0],"10":[0,0,0],"11":[0],"12":[0],"13":[0,0],"14":[0],"15":[0],"16":[0,0],"17":[0],"18":[0],"19":[0],"20":[0,0,0]}}
,"/Users/alexli/didactic-barnacle/backend/src/middleware/validation.ts": {"path":"/Users/alexli/didactic-barnacle/backend/src/middleware/validation.ts","statementMap":{"0":{"start":{"line":1,"column":0},"end":{"line":1,"column":22}},"1":{"start":{"line":4,"column":34},"end":{"line":24,"column":1}},"2":{"start":{"line":5,"column":17},"end":{"line":12,"column":4}},"3":{"start":{"line":14,"column":20},"end":{"line":14,"column":45}},"4":{"start":{"line":15,"column":2},"end":{"line":21,"column":3}},"5":{"start":{"line":16,"column":4},"end":{"line":20,"column":7}},"6":{"start":{"line":23,"column":2},"end":{"line":23,"column":9}},"7":{"start":{"line":4,"column":13},"end":{"line":4,"column":34}},"8":{"start":{"line":26,"column":34},"end":{"line":46,"column":1}},"9":{"start":{"line":27,"column":17},"end":{"line":34,"column":11}},"10":{"start":{"line":36,"column":20},"end":{"line":36,"column":45}},"11":{"start":{"line":37,"column":2},"end":{"line":43,"column":3}},"12":{"start":{"line":38,"column":4},"end":{"line":42,"column":7}},"13":{"start":{"line":45,"column":2},"end":{"line":45,"column":9}},"14":{"start":{"line":26,"column":13},"end":{"line":26,"column":34}},"15":{"start":{"line":48,"column":35},"end":{"line":67,"column":1}},"16":{"start":{"line":49,"column":17},"end":{"line":55,"column":4}},"17":{"start":{"line":57,"column":20},"end":{"line":57,"column":46}},"18":{"start":{"line":58,"column":2},"end":{"line":64,"column":3}},"19":{"start":{"line":59,"column":4},"end":{"line":63,"column":7}},"20":{"start":{"line":66,"column":2},"end":{"line":66,"column":9}},"21":{"start":{"line":48,"column":13},"end":{"line":48,"column":35}}},"fnMap":{"0":{"name":"(anonymous_1)","decl":{"start":{"line":4,"column":34},"end":{"line":4,"column":35}},"loc":{"start":{"line":4,"column":86},"end":{"line":24,"column":1}}},"1":{"name":"(anonymous_2)","decl":{"start":{"line":26,"column":34},"end":{"line":26,"column":35}},"loc":{"start":{"line":26,"column":86},"end":{"line":46,"column":1}}},"2":{"name":"(anonymous_3)","decl":{"start":{"line":48,"column":35},"end":{"line":48,"column":36}},"loc":{"start":{"line":48,"column":87},"end":{"line":67,"column":1}}}},"branchMap":{"0":{"loc":{"start":{"line":15,"column":2},"end":{"line":21,"column":3}},"type":"if","locations":[{"start":{"line":15,"column":2},"end":{"line":21,"column":3}}]},"1":{"loc":{"start":{"line":37,"column":2},"end":{"line":43,"column":3}},"type":"if","locations":[{"start":{"line":37,"column":2},"end":{"line":43,"column":3}}]},"2":{"loc":{"start":{"line":58,"column":2},"end":{"line":64,"column":3}},"type":"if","locations":[{"start":{"line":58,"column":2},"end":{"line":64,"column":3}}]}},"s":{"0":2,"1":2,"2":15,"3":15,"4":15,"5":10,"6":5,"7":2,"8":2,"9":20,"10":20,"11":20,"12":8,"13":12,"14":2,"15":2,"16":14,"17":14,"18":14,"19":8,"20":6,"21":2},"f":{"0":15,"1":20,"2":14},"b":{"0":[10],"1":[8],"2":[8]}}
,"/Users/alexli/didactic-barnacle/backend/src/models/user.ts": {"path":"/Users/alexli/didactic-barnacle/backend/src/models/user.ts","statementMap":{"0":{"start":{"line":1,"column":0},"end":{"line":1,"column":42}},"1":{"start":{"line":3,"column":0},"end":{"line":3,"column":30}},"2":{"start":{"line":4,"column":0},"end":{"line":4,"column":36}},"3":{"start":{"line":6,"column":20},"end":{"line":6,"column":68}},"4":{"start":{"line":10,"column":15},"end":{"line":10,"column":23}},"5":{"start":{"line":11,"column":25},"end":{"line":11,"column":74}},"6":{"start":{"line":13,"column":18},"end":{"line":17,"column":6}},"7":{"start":{"line":19,"column":19},"end":{"line":19,"column":136}},"8":{"start":{"line":21,"column":4},"end":{"line":29,"column":5}},"9":{"start":{"line":22,"column":21},"end":{"line":22,"column":52}},"10":{"start":{"line":23,"column":6},"end":{"line":23,"column":56}},"11":{"start":{"line":25,"column":6},"end":{"line":27,"column":7}},"12":{"start":{"line":26,"column":8},"end":{"line":26,"column":48}},"13":{"start":{"line":28,"column":6},"end":{"line":28,"column":18}},"14":{"start":{"line":33,"column":59},"end":{"line":33,"column":66}},"15":{"start":{"line":34,"column":19},"end":{"line":34,"column":37}},"16":{"start":{"line":36,"column":22},"end":{"line":36,"column":33}},"17":{"start":{"line":37,"column":26},"end":{"line":37,"column":28}},"18":{"start":{"line":38,"column":21},"end":{"line":38,"column":22}},"19":{"start":{"line":40,"column":4},"end":{"line":44,"column":5}},"20":{"start":{"line":41,"column":6},"end":{"line":41,"column":19}},"21":{"start":{"line":42,"column":6},"end":{"line":42,"column":159}},"22":{"start":{"line":43,"column":6},"end":{"line":43,"column":33}},"23":{"start":{"line":46,"column":4},"end":{"line":50,"column":5}},"24":{"start":{"line":47,"column":6},"end":{"line":47,"column":19}},"25":{"start":{"line":48,"column":6},"end":{"line":48,"column":50}},"26":{"start":{"line":49,"column":6},"end":{"line":49,"column":24}},"27":{"start":{"line":52,"column":4},"end":{"line":56,"column":5}},"28":{"start":{"line":53,"column":6},"end":{"line":53,"column":19}},"29":{"start":{"line":54,"column":6},"end":{"line":54,"column":52}},"30":{"start":{"line":55,"column":6},"end":{"line":55,"column":26}},"31":{"start":{"line":59,"column":23},"end":{"line":59,"column":66}},"32":{"start":{"line":60,"column":24},"end":{"line":60,"column":60}},"33":{"start":{"line":61,"column":18},"end":{"line":61,"column":53}},"34":{"start":{"line":64,"column":18},"end":{"line":69,"column":6}},"35":{"start":{"line":71,"column":19},"end":{"line":71,"column":70}},"36":{"start":{"line":72,"column":18},"end":{"line":72,"column":61}},"37":{"start":{"line":74,"column":4},"end":{"line":74,"column":28}},"38":{"start":{"line":78,"column":18},"end":{"line":81,"column":6}},"39":{"start":{"line":83,"column":19},"end":{"line":83,"column":48}},"40":{"start":{"line":85,"column":4},"end":{"line":87,"column":5}},"41":{"start":{"line":86,"column":6},"end":{"line":86,"column":18}},"42":{"start":{"line":89,"column":4},"end":{"line":89,"column":54}},"43":{"start":{"line":93,"column":25},"end":{"line":93,"column":48}},"44":{"start":{"line":94,"column":4},"end":{"line":96,"column":5}},"45":{"start":{"line":95,"column":6},"end":{"line":95,"column":18}},"46":{"start":{"line":98,"column":30},"end":{"line":98,"column":32}},"47":{"start":{"line":99,"column":26},"end":{"line":99,"column":28}},"48":{"start":{"line":100,"column":21},"end":{"line":100,"column":22}},"49":{"start":{"line":102,"column":4},"end":{"line":106,"column":5}},"50":{"start":{"line":103,"column":6},"end":{"line":103,"column":19}},"51":{"start":{"line":104,"column":6},"end":{"line":104,"column":48}},"52":{"start":{"line":105,"column":6},"end":{"line":105,"column":37}},"53":{"start":{"line":108,"column":4},"end":{"line":112,"column":5}},"54":{"start":{"line":109,"column":6},"end":{"line":109,"column":19}},"55":{"start":{"line":110,"column":6},"end":{"line":110,"column":45}},"56":{"start":{"line":111,"column":6},"end":{"line":111,"column":34}},"57":{"start":{"line":114,"column":4},"end":{"line":118,"column":5}},"58":{"start":{"line":115,"column":6},"end":{"line":115,"column":19}},"59":{"start":{"line":116,"column":6},"end":{"line":116,"column":50}},"60":{"start":{"line":117,"column":6},"end":{"line":117,"column":38}},"61":{"start":{"line":120,"column":4},"end":{"line":124,"column":5}},"62":{"start":{"line":121,"column":6},"end":{"line":121,"column":19}},"63":{"start":{"line":122,"column":6},"end":{"line":122,"column":49}},"64":{"start":{"line":123,"column":6},"end":{"line":123,"column":37}},"65":{"start":{"line":126,"column":4},"end":{"line":130,"column":5}},"66":{"start":{"line":127,"column":6},"end":{"line":127,"column":19}},"67":{"start":{"line":128,"column":6},"end":{"line":128,"column":44}},"68":{"start":{"line":129,"column":6},"end":{"line":129,"column":33}},"69":{"start":{"line":132,"column":4},"end":{"line":136,"column":5}},"70":{"start":{"line":133,"column":6},"end":{"line":133,"column":19}},"71":{"start":{"line":134,"column":6},"end":{"line":134,"column":46}},"72":{"start":{"line":135,"column":6},"end":{"line":135,"column":35}},"73":{"start":{"line":138,"column":4},"end":{"line":140,"column":5}},"74":{"start":{"line":139,"column":6},"end":{"line":139,"column":26}},"75":{"start":{"line":142,"column":4},"end":{"line":142,"column":17}},"76":{"start":{"line":143,"column":4},"end":{"line":143,"column":39}},"77":{"start":{"line":144,"column":4},"end":{"line":144,"column":20}},"78":{"start":{"line":146,"column":18},"end":{"line":151,"column":6}},"79":{"start":{"line":153,"column":4},"end":{"line":161,"column":5}},"80":{"start":{"line":154,"column":21},"end":{"line":154,"column":52}},"81":{"start":{"line":155,"column":6},"end":{"line":155,"column":56}},"82":{"start":{"line":157,"column":6},"end":{"line":159,"column":7}},"83":{"start":{"line":158,"column":8},"end":{"line":158,"column":48}},"84":{"start":{"line":160,"column":6},"end":{"line":160,"column":18}},"85":{"start":{"line":165,"column":18},"end":{"line":165,"column":51}},"86":{"start":{"line":166,"column":19},"end":{"line":166,"column":48}},"87":{"start":{"line":167,"column":4},"end":{"line":167,"column":38}},"88":{"start":{"line":171,"column":4},"end":{"line":181,"column":6}},"89":{"start":{"line":8,"column":0},"end":{"line":8,"column":13}}},"fnMap":{"0":{"name":"(anonymous_1)","decl":{"start":{"line":9,"column":2},"end":{"line":9,"column":8}},"loc":{"start":{"line":9,"column":49},"end":{"line":30,"column":3}}},"1":{"name":"(anonymous_2)","decl":{"start":{"line":32,"column":2},"end":{"line":32,"column":8}},"loc":{"start":{"line":32,"column":48},"end":{"line":75,"column":3}}},"2":{"name":"(anonymous_3)","decl":{"start":{"line":77,"column":2},"end":{"line":77,"column":8}},"loc":{"start":{"line":77,"column":34},"end":{"line":90,"column":3}}},"3":{"name":"(anonymous_4)","decl":{"start":{"line":92,"column":2},"end":{"line":92,"column":8}},"loc":{"start":{"line":92,"column":61},"end":{"line":162,"column":3}}},"4":{"name":"(anonymous_5)","decl":{"start":{"line":164,"column":2},"end":{"line":164,"column":8}},"loc":{"start":{"line":164,"column":32},"end":{"line":168,"column":3}}},"5":{"name":"(anonymous_6)","decl":{"start":{"line":170,"column":10},"end":{"line":170,"column":16}},"loc":{"start":{"line":170,"column":50},"end":{"line":182,"column":3}}}},"branchMap":{"0":{"loc":{"start":{"line":6,"column":29},"end":{"line":6,"column":67}},"type":"binary-expr","locations":[{"start":{"line":6,"column":29},"end":{"line":6,"column":59}},{"start":{"line":6,"column":63},"end":{"line":6,"column":67}}]},"1":{"loc":{"start":{"line":25,"column":6},"end":{"line":27,"column":7}},"type":"if","locations":[{"start":{"line":25,"column":6},"end":{"line":27,"column":7}}]},"2":{"loc":{"start":{"line":32,"column":23},"end":{"line":32,"column":48}},"type":"default-arg","locations":[{"start":{"line":32,"column":46},"end":{"line":32,"column":48}}]},"3":{"loc":{"start":{"line":33,"column":34},"end":{"line":33,"column":42}},"type":"default-arg","locations":[{"start":{"line":33,"column":41},"end":{"line":33,"column":42}}]},"4":{"loc":{"start":{"line":33,"column":44},"end":{"line":33,"column":54}},"type":"default-arg","locations":[{"start":{"line":33,"column":52},"end":{"line":33,"column":54}}]},"5":{"loc":{"start":{"line":40,"column":4},"end":{"line":44,"column":5}},"type":"if","locations":[{"start":{"line":40,"column":4},"end":{"line":44,"column":5}}]},"6":{"loc":{"start":{"line":46,"column":4},"end":{"line":50,"column":5}},"type":"if","locations":[{"start":{"line":46,"column":4},"end":{"line":50,"column":5}}]},"7":{"loc":{"start":{"line":52,"column":4},"end":{"line":56,"column":5}},"type":"if","locations":[{"start":{"line":52,"column":4},"end":{"line":56,"column":5}}]},"8":{"loc":{"start":{"line":85,"column":4},"end":{"line":87,"column":5}},"type":"if","locations":[{"start":{"line":85,"column":4},"end":{"line":87,"column":5}}]},"9":{"loc":{"start":{"line":94,"column":4},"end":{"line":96,"column":5}},"type":"if","locations":[{"start":{"line":94,"column":4},"end":{"line":96,"column":5}}]},"10":{"loc":{"start":{"line":102,"column":4},"end":{"line":106,"column":5}},"type":"if","locations":[{"start":{"line":102,"column":4},"end":{"line":106,"column":5}}]},"11":{"loc":{"start":{"line":108,"column":4},"end":{"line":112,"column":5}},"type":"if","locations":[{"start":{"line":108,"column":4},"end":{"line":112,"column":5}}]},"12":{"loc":{"start":{"line":114,"column":4},"end":{"line":118,"column":5}},"type":"if","locations":[{"start":{"line":114,"column":4},"end":{"line":118,"column":5}}]},"13":{"loc":{"start":{"line":120,"column":4},"end":{"line":124,"column":5}},"type":"if","locations":[{"start":{"line":120,"column":4},"end":{"line":124,"column":5}}]},"14":{"loc":{"start":{"line":126,"column":4},"end":{"line":130,"column":5}},"type":"if","locations":[{"start":{"line":126,"column":4},"end":{"line":130,"column":5}}]},"15":{"loc":{"start":{"line":132,"column":4},"end":{"line":136,"column":5}},"type":"if","locations":[{"start":{"line":132,"column":4},"end":{"line":136,"column":5}}]},"16":{"loc":{"start":{"line":138,"column":4},"end":{"line":140,"column":5}},"type":"if","locations":[{"start":{"line":138,"column":4},"end":{"line":140,"column":5}}]},"17":{"loc":{"start":{"line":157,"column":6},"end":{"line":159,"column":7}},"type":"if","locations":[{"start":{"line":157,"column":6},"end":{"line":159,"column":7}}]},"18":{"loc":{"start":{"line":167,"column":12},"end":{"line":167,"column":32}},"type":"binary-expr","locations":[{"start":{"line":167,"column":12},"end":{"line":167,"column":27}},{"start":{"line":167,"column":31},"end":{"line":167,"column":32}}]}},"s":{"0":2,"1":2,"2":2,"3":2,"4":3,"5":3,"6":3,"7":3,"8":3,"9":3,"10":1,"11":2,"12":1,"13":1,"14":6,"15":6,"16":6,"17":6,"18":6,"19":6,"20":2,"21":2,"22":2,"23":6,"24":2,"25":2,"26":2,"27":6,"28":2,"29":2,"30":2,"31":6,"32":6,"33":6,"34":6,"35":6,"36":6,"37":6,"38":2,"39":2,"40":2,"41":1,"42":1,"43":5,"44":5,"45":1,"46":4,"47":4,"48":4,"49":4,"50":0,"51":0,"52":0,"53":4,"54":2,"55":2,"56":2,"57":4,"58":1,"59":1,"60":1,"61":4,"62":1,"63":1,"64":1,"65":4,"66":0,"67":0,"68":0,"69":4,"70":1,"71":1,"72":1,"73":4,"74":1,"75":3,"76":3,"77":3,"78":3,"79":3,"80":3,"81":2,"82":1,"83":1,"84":0,"85":2,"86":2,"87":2,"88":16,"89":2},"f":{"0":3,"1":6,"2":2,"3":5,"4":2,"5":16},"b":{"0":[2,2],"1":[1],"2":[1],"3":[4],"4":[4],"5":[2],"6":[2],"7":[2],"8":[1],"9":[1],"10":[0],"11":[2],"12":[1],"13":[1],"14":[0],"15":[1],"16":[1],"17":[1],"18":[2,0]}}
,"/Users/alexli/didactic-barnacle/backend/src/routes/users.ts": {"path":"/Users/alexli/didactic-barnacle/backend/src/routes/users.ts","statementMap":{"0":{"start":{"line":1,"column":0},"end":{"line":1,"column":66}},"1":{"start":{"line":2,"column":0},"end":{"line":2,"column":43}},"2":{"start":{"line":4,"column":0},"end":{"line":4,"column":103}},"3":{"start":{"line":6,"column":15},"end":{"line":6,"column":23}},"4":{"start":{"line":9,"column":0},"end":{"line":33,"column":3}},"5":{"start":{"line":10,"column":2},"end":{"line":32,"column":3}},"6":{"start":{"line":11,"column":33},"end":{"line":17,"column":6}},"7":{"start":{"line":19,"column":29},"end":{"line":19,"column":61}},"8":{"start":{"line":20,"column":17},"end":{"line":20,"column":34}},"9":{"start":{"line":21,"column":18},"end":{"line":21,"column":37}},"10":{"start":{"line":23,"column":4},"end":{"line":29,"column":7}},"11":{"start":{"line":31,"column":4},"end":{"line":31,"column":16}},"12":{"start":{"line":36,"column":0},"end":{"line":52,"column":3}},"13":{"start":{"line":37,"column":2},"end":{"line":51,"column":3}},"14":{"start":{"line":38,"column":19},"end":{"line":38,"column":29}},"15":{"start":{"line":39,"column":17},"end":{"line":39,"column":45}},"16":{"start":{"line":41,"column":4},"end":{"line":46,"column":5}},"17":{"start":{"line":42,"column":6},"end":{"line":45,"column":9}},"18":{"start":{"line":48,"column":4},"end":{"line":48,"column":19}},"19":{"start":{"line":50,"column":4},"end":{"line":50,"column":16}},"20":{"start":{"line":55,"column":0},"end":{"line":64,"column":3}},"21":{"start":{"line":56,"column":2},"end":{"line":63,"column":3}},"22":{"start":{"line":57,"column":40},"end":{"line":57,"column":48}},"23":{"start":{"line":58,"column":17},"end":{"line":58,"column":49}},"24":{"start":{"line":60,"column":4},"end":{"line":60,"column":31}},"25":{"start":{"line":62,"column":4},"end":{"line":62,"column":16}},"26":{"start":{"line":67,"column":0},"end":{"line":85,"column":3}},"27":{"start":{"line":68,"column":2},"end":{"line":84,"column":3}},"28":{"start":{"line":69,"column":19},"end":{"line":69,"column":29}},"29":{"start":{"line":70,"column":40},"end":{"line":70,"column":48}},"30":{"start":{"line":72,"column":17},"end":{"line":72,"column":53}},"31":{"start":{"line":74,"column":4},"end":{"line":79,"column":5}},"32":{"start":{"line":75,"column":6},"end":{"line":78,"column":9}},"33":{"start":{"line":81,"column":4},"end":{"line":81,"column":19}},"34":{"start":{"line":83,"column":4},"end":{"line":83,"column":16}},"35":{"start":{"line":88,"column":0},"end":{"line":104,"column":3}},"36":{"start":{"line":89,"column":2},"end":{"line":103,"column":3}},"37":{"start":{"line":90,"column":19},"end":{"line":90,"column":29}},"38":{"start":{"line":91,"column":20},"end":{"line":91,"column":46}},"39":{"start":{"line":93,"column":4},"end":{"line":98,"column":5}},"40":{"start":{"line":94,"column":6},"end":{"line":97,"column":9}},"41":{"start":{"line":100,"column":4},"end":{"line":100,"column":27}},"42":{"start":{"line":102,"column":4},"end":{"line":102,"column":16}},"43":{"start":{"line":106,"column":0},"end":{"line":106,"column":22}}},"fnMap":{"0":{"name":"(anonymous_0)","decl":{"start":{"line":9,"column":37},"end":{"line":9,"column":42}},"loc":{"start":{"line":9,"column":95},"end":{"line":33,"column":1}}},"1":{"name":"(anonymous_1)","decl":{"start":{"line":36,"column":19},"end":{"line":36,"column":24}},"loc":{"start":{"line":36,"column":77},"end":{"line":52,"column":1}}},"2":{"name":"(anonymous_2)","decl":{"start":{"line":55,"column":37},"end":{"line":55,"column":42}},"loc":{"start":{"line":55,"column":95},"end":{"line":64,"column":1}}},"3":{"name":"(anonymous_3)","decl":{"start":{"line":67,"column":39},"end":{"line":67,"column":44}},"loc":{"start":{"line":67,"column":97},"end":{"line":85,"column":1}}},"4":{"name":"(anonymous_4)","decl":{"start":{"line":88,"column":22},"end":{"line":88,"column":27}},"loc":{"start":{"line":88,"column":80},"end":{"line":104,"column":1}}}},"branchMap":{"0":{"loc":{"start":{"line":15,"column":12},"end":{"line":15,"column":75}},"type":"cond-expr","locations":[{"start":{"line":15,"column":29},"end":{"line":15,"column":63}},{"start":{"line":15,"column":66},"end":{"line":15,"column":75}}]},"1":{"loc":{"start":{"line":16,"column":13},"end":{"line":16,"column":78}},"type":"cond-expr","locations":[{"start":{"line":16,"column":31},"end":{"line":16,"column":66}},{"start":{"line":16,"column":69},"end":{"line":16,"column":78}}]},"2":{"loc":{"start":{"line":20,"column":17},"end":{"line":20,"column":34}},"type":"binary-expr","locations":[{"start":{"line":20,"column":17},"end":{"line":20,"column":29}},{"start":{"line":20,"column":33},"end":{"line":20,"column":34}}]},"3":{"loc":{"start":{"line":21,"column":18},"end":{"line":21,"column":37}},"type":"binary-expr","locations":[{"start":{"line":21,"column":18},"end":{"line":21,"column":31}},{"start":{"line":21,"column":35},"end":{"line":21,"column":37}}]},"4":{"loc":{"start":{"line":41,"column":4},"end":{"line":46,"column":5}},"type":"if","locations":[{"start":{"line":41,"column":4},"end":{"line":46,"column":5}}]},"5":{"loc":{"start":{"line":74,"column":4},"end":{"line":79,"column":5}},"type":"if","locations":[{"start":{"line":74,"column":4},"end":{"line":79,"column":5}}]},"6":{"loc":{"start":{"line":93,"column":4},"end":{"line":98,"column":5}},"type":"if","locations":[{"start":{"line":93,"column":4},"end":{"line":98,"column":5}}]}},"s":{"0":1,"1":1,"2":1,"3":1,"4":1,"5":3,"6":3,"7":3,"8":2,"9":2,"10":2,"11":1,"12":1,"13":3,"14":3,"15":3,"16":2,"17":1,"18":1,"19":1,"20":1,"21":3,"22":3,"23":3,"24":1,"25":2,"26":1,"27":4,"28":4,"29":4,"30":4,"31":2,"32":1,"33":1,"34":2,"35":1,"36":3,"37":3,"38":3,"39":2,"40":1,"41":1,"42":1,"43":1},"f":{"0":3,"1":3,"2":3,"3":4,"4":3},"b":{"0":[1,2],"1":[1,2],"2":[2,1],"3":[2,1],"4":[1],"5":[1],"6":[1]}}
,"/Users/alexli/didactic-barnacle/backend/src/utils/migrate.ts": {"path":"/Users/alexli/didactic-barnacle/backend/src/utils/migrate.ts","statementMap":{"0":{"start":{"line":1,"column":0},"end":{"line":1,"column":20}},"1":{"start":{"line":2,"column":0},"end":{"line":2,"column":24}},"2":{"start":{"line":3,"column":0},"end":{"line":3,"column":42}},"3":{"start":{"line":5,"column":29},"end":{"line":56,"column":1}},"4":{"start":{"line":6,"column":2},"end":{"line":55,"column":3}},"5":{"start":{"line":8,"column":4},"end":{"line":14,"column":7}},"6":{"start":{"line":16,"column":26},"end":{"line":16,"column":66}},"7":{"start":{"line":17,"column":27},"end":{"line":19,"column":13}},"8":{"start":{"line":18,"column":22},"end":{"line":18,"column":43}},"9":{"start":{"line":21,"column":4},"end":{"line":49,"column":5}},"10":{"start":{"line":23,"column":21},"end":{"line":25,"column":null}},"11":{"start":{"line":28,"column":6},"end":{"line":48,"column":7}},"12":{"start":{"line":29,"column":8},"end":{"line":29,"column":50}},"13":{"start":{"line":31,"column":29},"end":{"line":33,"column":null}},"14":{"start":{"line":37,"column":8},"end":{"line":37,"column":39}},"15":{"start":{"line":40,"column":8},"end":{"line":43,"column":10}},"16":{"start":{"line":45,"column":8},"end":{"line":45,"column":52}},"17":{"start":{"line":47,"column":8},"end":{"line":47,"column":68}},"18":{"start":{"line":51,"column":4},"end":{"line":51,"column":57}},"19":{"start":{"line":53,"column":4},"end":{"line":53,"column":46}},"20":{"start":{"line":54,"column":4},"end":{"line":54,"column":16}},"21":{"start":{"line":5,"column":13},"end":{"line":5,"column":29}}},"fnMap":{"0":{"name":"(anonymous_1)","decl":{"start":{"line":5,"column":29},"end":{"line":5,"column":34}},"loc":{"start":{"line":5,"column":55},"end":{"line":56,"column":1}}},"1":{"name":"(anonymous_2)","decl":{"start":{"line":18,"column":14},"end":{"line":18,"column":18}},"loc":{"start":{"line":18,"column":22},"end":{"line":18,"column":43}}}},"branchMap":{"0":{"loc":{"start":{"line":28,"column":6},"end":{"line":48,"column":7}},"type":"if","locations":[{"start":{"line":28,"column":6},"end":{"line":48,"column":7}},{"start":{"line":46,"column":13},"end":{"line":48,"column":7}}]}},"s":{"0":0,"1":0,"2":0,"3":0,"4":0,"5":0,"6":0,"7":0,"8":0,"9":0,"10":0,"11":0,"12":0,"13":0,"14":0,"15":0,"16":0,"17":0,"18":0,"19":0,"20":0,"21":0},"f":{"0":0,"1":0},"b":{"0":[0,0]}}
}
