TN:
SF:src/app.ts
FN:34,(anonymous_1)
FN:48,(anonymous_2)
FNF:2
FNH:0
FNDA:0,(anonymous_1)
FNDA:0,(anonymous_2)
DA:1,0
DA:2,0
DA:3,0
DA:4,0
DA:5,0
DA:7,0
DA:8,0
DA:9,0
DA:10,0
DA:12,0
DA:14,0
DA:17,0
DA:18,0
DA:19,0
DA:20,0
DA:21,0
DA:24,0
DA:27,0
DA:28,0
DA:31,0
DA:34,0
DA:35,0
DA:39,0
DA:41,0
DA:44,0
DA:45,0
DA:48,0
DA:49,0
DA:50,0
DA:51,0
DA:53,0
DA:54,0
DA:58,0
LF:33
LH:0
BRF:0
BRH:0
end_of_record
TN:
SF:src/index.ts
FN:5,(anonymous_0)
FN:9,(anonymous_1)
FNF:2
FNH:0
FNDA:0,(anonymous_0)
FNDA:0,(anonymous_1)
DA:1,0
DA:3,0
DA:5,0
DA:6,0
DA:7,0
DA:9,0
DA:10,0
DA:11,0
DA:12,0
DA:15,0
DA:16,0
DA:20,0
LF:12
LH:0
BRDA:3,0,0,0
BRDA:3,0,1,0
BRF:2
BRH:0
end_of_record
TN:
SF:src/config/database.ts
FN:17,(anonymous_1)
FN:27,(anonymous_2)
FNF:2
FNH:0
FNDA:0,(anonymous_1)
FNDA:0,(anonymous_2)
DA:1,1
DA:2,1
DA:4,1
DA:6,1
DA:17,1
DA:18,0
DA:19,0
DA:20,0
DA:22,0
DA:23,0
DA:27,1
DA:28,0
LF:12
LH:6
BRDA:7,0,0,1
BRDA:7,0,1,1
BRDA:8,1,0,1
BRDA:8,1,1,1
BRDA:9,2,0,1
BRDA:9,2,1,1
BRDA:10,3,0,1
BRDA:10,3,1,1
BRDA:11,4,0,1
BRDA:11,4,1,1
BRF:10
BRH:10
end_of_record
TN:
SF:src/middleware/errorHandler.ts
FN:7,(anonymous_0)
FN:90,(anonymous_1)
FNF:2
FNH:0
FNDA:0,(anonymous_0)
FNDA:0,(anonymous_1)
DA:7,0
DA:13,0
DA:16,0
DA:17,0
DA:18,0
DA:21,0
DA:22,0
DA:23,0
DA:27,0
DA:28,0
DA:29,0
DA:30,0
DA:34,0
DA:35,0
DA:36,0
DA:38,0
DA:39,0
DA:40,0
DA:41,0
DA:43,0
DA:44,0
DA:45,0
DA:46,0
DA:48,0
DA:49,0
DA:50,0
DA:51,0
DA:53,0
DA:54,0
DA:55,0
DA:56,0
DA:59,0
DA:60,0
DA:61,0
DA:62,0
DA:67,0
DA:68,0
DA:69,0
DA:70,0
DA:74,0
DA:75,0
DA:76,0
DA:80,0
DA:90,0
DA:91,0
LF:45
LH:0
BRDA:16,0,0,0
BRDA:16,0,1,0
BRDA:17,1,0,0
BRDA:17,1,1,0
BRDA:18,2,0,0
BRDA:18,2,1,0
BRDA:21,3,0,0
BRDA:27,4,0,0
BRDA:27,5,0,0
BRDA:27,5,1,0
BRDA:35,6,0,0
BRDA:36,7,0,0
BRDA:36,7,1,0
BRDA:36,7,2,0
BRDA:36,7,3,0
BRDA:36,7,4,0
BRDA:36,7,5,0
BRDA:67,8,0,0
BRDA:67,9,0,0
BRDA:67,9,1,0
BRDA:74,10,0,0
BRDA:75,11,0,0
BRDA:83,12,0,0
BRDA:83,12,1,0
BRF:24
BRH:0
end_of_record
TN:
SF:src/middleware/security.ts
FN:6,(anonymous_0)
FN:8,(anonymous_1)
FN:21,(anonymous_2)
FN:59,(anonymous_3)
FN:63,(anonymous_4)
FN:113,(anonymous_5)
FN:114,(anonymous_6)
FN:132,(anonymous_7)
FNF:8
FNH:0
FNDA:0,(anonymous_0)
FNDA:0,(anonymous_1)
FNDA:0,(anonymous_2)
FNDA:0,(anonymous_3)
FNDA:0,(anonymous_4)
FNDA:0,(anonymous_5)
FNDA:0,(anonymous_6)
FNDA:0,(anonymous_7)
DA:6,0
DA:8,0
DA:9,0
DA:12,0
DA:21,0
DA:22,0
DA:24,0
DA:25,0
DA:28,0
DA:29,0
DA:30,0
DA:31,0
DA:32,0
DA:33,0
DA:35,0
DA:38,0
DA:42,0
DA:43,0
DA:47,0
DA:48,0
DA:51,0
DA:57,0
DA:59,0
DA:63,0
DA:64,0
DA:65,0
DA:68,0
DA:69,0
DA:70,0
DA:75,0
DA:76,0
DA:77,0
DA:81,0
DA:85,0
DA:88,0
DA:89,0
DA:91,0
DA:96,0
DA:100,0
DA:106,0
DA:113,0
DA:114,0
DA:115,0
DA:117,0
DA:118,0
DA:122,0
DA:125,0
DA:132,0
DA:134,0
DA:135,0
DA:138,0
DA:141,0
DA:143,0
DA:147,0
DA:150,0
LF:55
LH:0
BRDA:9,0,0,0
BRDA:22,1,0,0
BRDA:22,2,0,0
BRDA:22,2,1,0
BRDA:24,3,0,0
BRDA:30,4,0,0
BRDA:30,4,1,0
BRDA:32,5,0,0
BRDA:32,5,1,0
BRDA:42,6,0,0
BRDA:47,7,0,0
BRDA:60,8,0,0
BRDA:61,9,0,0
BRDA:64,10,0,0
BRDA:64,10,1,0
BRDA:64,10,2,0
BRDA:69,11,0,0
BRDA:76,12,0,0
BRDA:76,13,0,0
BRDA:76,13,1,0
BRDA:88,14,0,0
BRDA:113,15,0,0
BRDA:115,16,0,0
BRDA:115,16,1,0
BRDA:117,17,0,0
BRDA:134,18,0,0
BRDA:141,19,0,0
BRDA:141,20,0,0
BRDA:141,20,1,0
BRDA:141,20,2,0
BRF:30
BRH:0
end_of_record
TN:
SF:src/middleware/validation.ts
FN:4,(anonymous_1)
FN:26,(anonymous_2)
FN:48,(anonymous_3)
FNF:3
FNH:3
FNDA:15,(anonymous_1)
FNDA:20,(anonymous_2)
FNDA:14,(anonymous_3)
DA:1,2
DA:4,2
DA:5,15
DA:14,15
DA:15,15
DA:16,10
DA:23,5
DA:26,2
DA:27,20
DA:36,20
DA:37,20
DA:38,8
DA:45,12
DA:48,2
DA:49,14
DA:57,14
DA:58,14
DA:59,8
DA:66,6
LF:19
LH:19
BRDA:15,0,0,10
BRDA:37,1,0,8
BRDA:58,2,0,8
BRF:3
BRH:3
end_of_record
TN:
SF:src/models/user.ts
FN:9,(anonymous_1)
FN:32,(anonymous_2)
FN:77,(anonymous_3)
FN:92,(anonymous_4)
FN:164,(anonymous_5)
FN:170,(anonymous_6)
FNF:6
FNH:6
FNDA:3,(anonymous_1)
FNDA:6,(anonymous_2)
FNDA:2,(anonymous_3)
FNDA:5,(anonymous_4)
FNDA:2,(anonymous_5)
FNDA:16,(anonymous_6)
DA:1,2
DA:3,2
DA:4,2
DA:6,2
DA:8,2
DA:10,3
DA:11,3
DA:13,3
DA:19,3
DA:21,3
DA:22,3
DA:23,1
DA:25,2
DA:26,1
DA:28,1
DA:33,6
DA:34,6
DA:36,6
DA:37,6
DA:38,6
DA:40,6
DA:41,2
DA:42,2
DA:43,2
DA:46,6
DA:47,2
DA:48,2
DA:49,2
DA:52,6
DA:53,2
DA:54,2
DA:55,2
DA:59,6
DA:60,6
DA:61,6
DA:64,6
DA:71,6
DA:72,6
DA:74,6
DA:78,2
DA:83,2
DA:85,2
DA:86,1
DA:89,1
DA:93,5
DA:94,5
DA:95,1
DA:98,4
DA:99,4
DA:100,4
DA:102,4
DA:103,0
DA:104,0
DA:105,0
DA:108,4
DA:109,2
DA:110,2
DA:111,2
DA:114,4
DA:115,1
DA:116,1
DA:117,1
DA:120,4
DA:121,1
DA:122,1
DA:123,1
DA:126,4
DA:127,0
DA:128,0
DA:129,0
DA:132,4
DA:133,1
DA:134,1
DA:135,1
DA:138,4
DA:139,1
DA:142,3
DA:143,3
DA:144,3
DA:146,3
DA:153,3
DA:154,3
DA:155,2
DA:157,1
DA:158,1
DA:160,0
DA:165,2
DA:166,2
DA:167,2
DA:171,16
LF:90
LH:83
BRDA:6,0,0,2
BRDA:6,0,1,2
BRDA:25,1,0,1
BRDA:32,2,0,1
BRDA:33,3,0,4
BRDA:33,4,0,4
BRDA:40,5,0,2
BRDA:46,6,0,2
BRDA:52,7,0,2
BRDA:85,8,0,1
BRDA:94,9,0,1
BRDA:102,10,0,0
BRDA:108,11,0,2
BRDA:114,12,0,1
BRDA:120,13,0,1
BRDA:126,14,0,0
BRDA:132,15,0,1
BRDA:138,16,0,1
BRDA:157,17,0,1
BRDA:167,18,0,2
BRDA:167,18,1,0
BRF:21
BRH:18
end_of_record
TN:
SF:src/routes/users.ts
FN:9,(anonymous_0)
FN:36,(anonymous_1)
FN:55,(anonymous_2)
FN:67,(anonymous_3)
FN:88,(anonymous_4)
FNF:5
FNH:5
FNDA:3,(anonymous_0)
FNDA:3,(anonymous_1)
FNDA:3,(anonymous_2)
FNDA:4,(anonymous_3)
FNDA:3,(anonymous_4)
DA:1,1
DA:2,1
DA:4,1
DA:6,1
DA:9,1
DA:10,3
DA:11,3
DA:19,3
DA:20,2
DA:21,2
DA:23,2
DA:31,1
DA:36,1
DA:37,3
DA:38,3
DA:39,3
DA:41,2
DA:42,1
DA:48,1
DA:50,1
DA:55,1
DA:56,3
DA:57,3
DA:58,3
DA:60,1
DA:62,2
DA:67,1
DA:68,4
DA:69,4
DA:70,4
DA:72,4
DA:74,2
DA:75,1
DA:81,1
DA:83,2
DA:88,1
DA:89,3
DA:90,3
DA:91,3
DA:93,2
DA:94,1
DA:100,1
DA:102,1
DA:106,1
LF:44
LH:44
BRDA:15,0,0,1
BRDA:15,0,1,2
BRDA:16,1,0,1
BRDA:16,1,1,2
BRDA:20,2,0,2
BRDA:20,2,1,1
BRDA:21,3,0,2
BRDA:21,3,1,1
BRDA:41,4,0,1
BRDA:74,5,0,1
BRDA:93,6,0,1
BRF:11
BRH:11
end_of_record
TN:
SF:src/utils/migrate.ts
FN:5,(anonymous_1)
FN:18,(anonymous_2)
FNF:2
FNH:0
FNDA:0,(anonymous_1)
FNDA:0,(anonymous_2)
DA:1,0
DA:2,0
DA:3,0
DA:5,0
DA:6,0
DA:8,0
DA:16,0
DA:17,0
DA:18,0
DA:21,0
DA:23,0
DA:28,0
DA:29,0
DA:31,0
DA:37,0
DA:40,0
DA:45,0
DA:47,0
DA:51,0
DA:53,0
DA:54,0
LF:21
LH:0
BRDA:28,0,0,0
BRDA:28,0,1,0
BRF:2
BRH:0
end_of_record
